This file contains any messages produced by compilers while
running configure, to aid debugging if configure makes a mistake.

It was created by goaccess configure 1.9.3, which was
generated by GNU Autoconf 2.72.  Invocation command line was

  $ ./configure --enable-utf8 --enable-geoip=mmdb

## --------- ##
## Platform. ##
## --------- ##

hostname = kali
uname -m = x86_64
uname -r = 6.11.2-amd64
uname -s = Linux
uname -v = #1 SMP PREEMPT_DYNAMIC Kali 6.11.2-1kali1 (2024-10-15)

/usr/bin/uname -p = unknown
/bin/uname -X     = unknown

/bin/arch              = x86_64
/usr/bin/arch -k       = unknown
/usr/convex/getsysinfo = unknown
/usr/bin/hostinfo      = unknown
/bin/machine           = unknown
/usr/bin/oslevel       = unknown
/bin/universe          = unknown

PATH: /usr/local/sbin/
PATH: /usr/sbin/
PATH: /sbin/
PATH: /usr/local/bin/
PATH: /usr/bin/
PATH: /bin/
PATH: /usr/local/games/
PATH: /usr/games/
PATH: /home/xot/.dotnet/tools/
PATH: /home/xot/.local/bin/
PATH: /home/xot/.local/bin/


## ----------- ##
## Core tests. ##
## ----------- ##

configure:2672: looking for aux files: config.guess config.sub config.rpath compile missing install-sh
configure:2685:  trying ./
configure:2714:   ./config.guess found
configure:2714:   ./config.sub found
configure:2714:   ./config.rpath found
configure:2714:   ./compile found
configure:2714:   ./missing found
configure:2696:   ./install-sh found
configure:2844: checking for a BSD-compatible install
configure:2918: result: /usr/bin/install -c
configure:2929: checking whether build environment is sane
configure:2984: result: yes
configure:3145: checking for a race-free mkdir -p
configure:3188: result: /usr/bin/mkdir -p
configure:3195: checking for gawk
configure:3216: found /usr/bin/gawk
configure:3228: result: gawk
configure:3239: checking whether make sets $(MAKE)
configure:3263: result: yes
configure:3293: checking whether make supports nested variables
configure:3312: result: yes
configure:3528: checking for cc
configure:3549: found /usr/bin/cc
configure:3561: result: cc
configure:3592: checking for C compiler version
configure:3601: cc --version >&5
cc (Debian 14.2.0-8) 14.2.0
Copyright (C) 2024 Free Software Foundation, Inc.
This is free software; see the source for copying conditions.  There is NO
warranty; not even for MERCHANTABILITY or FITNESS FOR A PARTICULAR PURPOSE.

configure:3612: $? = 0
configure:3601: cc -v >&5
Using built-in specs.
COLLECT_GCC=cc
COLLECT_LTO_WRAPPER=/usr/libexec/gcc/x86_64-linux-gnu/14/lto-wrapper
OFFLOAD_TARGET_NAMES=nvptx-none:amdgcn-amdhsa
OFFLOAD_TARGET_DEFAULT=1
Target: x86_64-linux-gnu
Configured with: ../src/configure -v --with-pkgversion='Debian 14.2.0-8' --with-bugurl=file:///usr/share/doc/gcc-14/README.Bugs --enable-languages=c,ada,c++,go,d,fortran,objc,obj-c++,m2,rust --prefix=/usr --with-gcc-major-version-only --program-suffix=-14 --program-prefix=x86_64-linux-gnu- --enable-shared --enable-linker-build-id --libexecdir=/usr/libexec --without-included-gettext --enable-threads=posix --libdir=/usr/lib --enable-nls --enable-bootstrap --enable-clocale=gnu --enable-libstdcxx-debug --enable-libstdcxx-time=yes --with-default-libstdcxx-abi=new --enable-libstdcxx-backtrace --enable-gnu-unique-object --disable-vtable-verify --enable-plugin --enable-default-pie --with-system-zlib --enable-libphobos-checking=release --with-target-system-zlib=auto --enable-objc-gc=auto --enable-multiarch --disable-werror --enable-cet --with-arch-32=i686 --with-abi=m64 --with-multilib-list=m32,m64,mx32 --enable-multilib --with-tune=generic --enable-offload-targets=nvptx-none=/build/reproducible-path/gcc-14-14.2.0/debian/tmp-nvptx/usr,amdgcn-amdhsa=/build/reproducible-path/gcc-14-14.2.0/debian/tmp-gcn/usr --enable-offload-defaulted --without-cuda-driver --enable-checking=release --build=x86_64-linux-gnu --host=x86_64-linux-gnu --target=x86_64-linux-gnu --with-build-config=bootstrap-lto-lean --enable-link-serialization=3
Thread model: posix
Supported LTO compression algorithms: zlib zstd
gcc version 14.2.0 (Debian 14.2.0-8) 
... rest of stderr output deleted ...
configure:3612: $? = 0
configure:3601: cc -V >&5
cc: error: unrecognized command-line option '-V'
cc: fatal error: no input files
compilation terminated.
configure:3612: $? = 1
configure:3601: cc -qversion >&5
cc: error: unrecognized command-line option '-qversion'; did you mean '--version'?
cc: fatal error: no input files
compilation terminated.
configure:3612: $? = 1
configure:3601: cc -version >&5
cc: error: unrecognized command-line option '-version'
cc: fatal error: no input files
compilation terminated.
configure:3612: $? = 1
configure:3632: checking whether the C compiler works
configure:3654: cc    conftest.c  >&5
configure:3658: $? = 0
configure:3709: result: yes
configure:3713: checking for C compiler default output file name
configure:3715: result: a.out
configure:3721: checking for suffix of executables
configure:3728: cc -o conftest    conftest.c  >&5
configure:3732: $? = 0
configure:3756: result: 
configure:3780: checking whether we are cross compiling
configure:3788: cc -o conftest    conftest.c  >&5
configure:3792: $? = 0
configure:3799: ./conftest
configure:3803: $? = 0
configure:3818: result: no
configure:3824: checking for suffix of object files
configure:3847: cc -c   conftest.c >&5
configure:3851: $? = 0
configure:3875: result: o
configure:3879: checking whether the compiler supports GNU C
configure:3899: cc -c   conftest.c >&5
configure:3899: $? = 0
configure:3911: result: yes
configure:3922: checking whether cc accepts -g
configure:3943: cc -c -g  conftest.c >&5
configure:3943: $? = 0
configure:3990: result: yes
configure:4010: checking for cc option to enable C11 features
configure:4025: cc  -c   conftest.c >&5
configure:4025: $? = 0
configure:4044: result: none needed
configure:4168: checking whether cc understands -c and -o together
configure:4191: cc -c conftest.c -o conftest2.o
configure:4194: $? = 0
configure:4191: cc -c conftest.c -o conftest2.o
configure:4194: $? = 0
configure:4207: result: yes
configure:4227: checking whether make supports the include directive
configure:4242: make -f confmf.GNU && cat confinc.out
this is the am__doit target
configure:4245: $? = 0
configure:4264: result: yes (GNU style)
configure:4290: checking dependency style of cc
configure:4403: result: gcc3
configure:4421: checking for a sed that does not truncate output
configure:4493: result: /usr/bin/sed
configure:4499: checking whether NLS is requested
configure:4510: result: yes
configure:4550: checking for msgfmt
configure:4587: result: no
configure:4593: checking for gmsgfmt
configure:4630: result: :
configure:4680: checking for xgettext
configure:4717: result: no
configure:4759: checking for msgmerge
configure:4795: result: no
configure:4831: checking build system type
configure:4847: result: x86_64-pc-linux-gnu
configure:4867: checking host system type
configure:4882: result: x86_64-pc-linux-gnu
configure:4929: checking for ld used by cc
configure:4998: result: /usr/bin/ld
configure:5005: checking if the linker (/usr/bin/ld) is GNU ld
configure:5022: result: yes
configure:5030: checking for shared library run path origin
configure:5045: result: done
configure:5072: checking how to run the C preprocessor
configure:5098: cc -E  conftest.c
configure:5098: $? = 0
configure:5114: cc -E  conftest.c
conftest.c:11:10: fatal error: ac_nonexistent.h: No such file or directory
   11 | #include <ac_nonexistent.h>
      |          ^~~~~~~~~~~~~~~~~~
compilation terminated.
configure:5114: $? = 1
configure: failed program was:
| /* confdefs.h */
| #define PACKAGE_NAME "goaccess"
| #define PACKAGE_TARNAME "goaccess"
| #define PACKAGE_VERSION "1.9.3"
| #define PACKAGE_STRING "goaccess 1.9.3"
| #define PACKAGE_BUGREPORT "hello@goaccess.io"
| #define PACKAGE_URL "https://goaccess.io"
| #define PACKAGE "goaccess"
| #define VERSION "1.9.3"
| /* end confdefs.h.  */
| #include <ac_nonexistent.h>
configure:5143: result: cc -E
configure:5157: cc -E  conftest.c
configure:5157: $? = 0
configure:5173: cc -E  conftest.c
conftest.c:11:10: fatal error: ac_nonexistent.h: No such file or directory
   11 | #include <ac_nonexistent.h>
      |          ^~~~~~~~~~~~~~~~~~
compilation terminated.
configure:5173: $? = 1
configure: failed program was:
| /* confdefs.h */
| #define PACKAGE_NAME "goaccess"
| #define PACKAGE_TARNAME "goaccess"
| #define PACKAGE_VERSION "1.9.3"
| #define PACKAGE_STRING "goaccess 1.9.3"
| #define PACKAGE_BUGREPORT "hello@goaccess.io"
| #define PACKAGE_URL "https://goaccess.io"
| #define PACKAGE "goaccess"
| #define VERSION "1.9.3"
| /* end confdefs.h.  */
| #include <ac_nonexistent.h>
configure:5206: checking for egrep -e
configure:5336: result: /usr/bin/grep -E
configure:5898: checking for CFPreferencesCopyAppValue
configure:5917: cc -o conftest    conftest.c  -Wl,-framework -Wl,CoreFoundation >&5
conftest.c:11:10: fatal error: CoreFoundation/CFPreferences.h: No such file or directory
   11 | #include <CoreFoundation/CFPreferences.h>
      |          ^~~~~~~~~~~~~~~~~~~~~~~~~~~~~~~~
compilation terminated.
configure:5917: $? = 1
configure: failed program was:
| /* confdefs.h */
| #define PACKAGE_NAME "goaccess"
| #define PACKAGE_TARNAME "goaccess"
| #define PACKAGE_VERSION "1.9.3"
| #define PACKAGE_STRING "goaccess 1.9.3"
| #define PACKAGE_BUGREPORT "hello@goaccess.io"
| #define PACKAGE_URL "https://goaccess.io"
| #define PACKAGE "goaccess"
| #define VERSION "1.9.3"
| /* end confdefs.h.  */
| #include <CoreFoundation/CFPreferences.h>
| int
| main (void)
| {
| CFPreferencesCopyAppValue(NULL, NULL)
|   ;
|   return 0;
| }
configure:5929: result: no
configure:5936: checking for CFLocaleCopyCurrent
configure:5955: cc -o conftest    conftest.c  -Wl,-framework -Wl,CoreFoundation >&5
conftest.c:11:10: fatal error: CoreFoundation/CFLocale.h: No such file or directory
   11 | #include <CoreFoundation/CFLocale.h>
      |          ^~~~~~~~~~~~~~~~~~~~~~~~~~~
compilation terminated.
configure:5955: $? = 1
configure: failed program was:
| /* confdefs.h */
| #define PACKAGE_NAME "goaccess"
| #define PACKAGE_TARNAME "goaccess"
| #define PACKAGE_VERSION "1.9.3"
| #define PACKAGE_STRING "goaccess 1.9.3"
| #define PACKAGE_BUGREPORT "hello@goaccess.io"
| #define PACKAGE_URL "https://goaccess.io"
| #define PACKAGE "goaccess"
| #define VERSION "1.9.3"
| /* end confdefs.h.  */
| #include <CoreFoundation/CFLocale.h>
| int
| main (void)
| {
| CFLocaleCopyCurrent();
|   ;
|   return 0;
| }
configure:5967: result: no
configure:6016: checking for GNU gettext in libc
configure:6041: cc -o conftest    conftest.c  >&5
configure:6041: $? = 0
configure:6053: result: yes
configure:6897: checking whether to use NLS
configure:6899: result: yes
configure:6902: checking where the gettext function comes from
configure:6913: result: libc
configure:6972: checking for libintl_dgettext in -lintl
configure:7001: cc -o conftest    conftest.c -lintl   >&5
/usr/bin/ld: cannot find -lintl: No such file or directory
collect2: error: ld returned 1 exit status
configure:7001: $? = 1
configure: failed program was:
| /* confdefs.h */
| #define PACKAGE_NAME "goaccess"
| #define PACKAGE_TARNAME "goaccess"
| #define PACKAGE_VERSION "1.9.3"
| #define PACKAGE_STRING "goaccess 1.9.3"
| #define PACKAGE_BUGREPORT "hello@goaccess.io"
| #define PACKAGE_URL "https://goaccess.io"
| #define PACKAGE "goaccess"
| #define VERSION "1.9.3"
| #define ENABLE_NLS 1
| #define HAVE_GETTEXT 1
| #define HAVE_DCGETTEXT 1
| /* end confdefs.h.  */
| 
| /* Override any GCC internal prototype to avoid an error.
|    Use char because int might match the return type of a GCC
|    builtin and then its argument prototype would still apply.
|    The 'extern "C"' is for builds by C++ compilers;
|    although this is not generally supported in C code supporting it here
|    has little cost and some practical benefit (sr 110532).  */
| #ifdef __cplusplus
| extern "C"
| #endif
| char libintl_dgettext (void);
| int
| main (void)
| {
| return libintl_dgettext ();
|   ;
|   return 0;
| }
configure:7013: result: no
configure:7024: checking for dgettext in -lintl
configure:7053: cc -o conftest    conftest.c -lintl   >&5
conftest.c:24:6: warning: conflicting types for built-in function 'dgettext'; expected 'char *(const char *, const char *)' [-Wbuiltin-declaration-mismatch]
   24 | char dgettext (void);
      |      ^~~~~~~~
/usr/bin/ld: cannot find -lintl: No such file or directory
collect2: error: ld returned 1 exit status
configure:7053: $? = 1
configure: failed program was:
| /* confdefs.h */
| #define PACKAGE_NAME "goaccess"
| #define PACKAGE_TARNAME "goaccess"
| #define PACKAGE_VERSION "1.9.3"
| #define PACKAGE_STRING "goaccess 1.9.3"
| #define PACKAGE_BUGREPORT "hello@goaccess.io"
| #define PACKAGE_URL "https://goaccess.io"
| #define PACKAGE "goaccess"
| #define VERSION "1.9.3"
| #define ENABLE_NLS 1
| #define HAVE_GETTEXT 1
| #define HAVE_DCGETTEXT 1
| /* end confdefs.h.  */
| 
| /* Override any GCC internal prototype to avoid an error.
|    Use char because int might match the return type of a GCC
|    builtin and then its argument prototype would still apply.
|    The 'extern "C"' is for builds by C++ compilers;
|    although this is not generally supported in C code supporting it here
|    has little cost and some practical benefit (sr 110532).  */
| #ifdef __cplusplus
| extern "C"
| #endif
| char dgettext (void);
| int
| main (void)
| {
| return dgettext ();
|   ;
|   return 0;
| }
configure:7065: result: no
configure:7077: checking for pthread_create in -lpthread
configure:7106: cc -o conftest    conftest.c -lpthread   >&5
configure:7106: $? = 0
configure:7118: result: yes
configure:7160: checking whether to build with rdynamic for GNU ld
configure:7167: result: yes
configure:7189: checking whether to build with address sanitizer
configure:7195: result: no
configure:7211: checking for stdio.h
configure:7211: cc -c  -pthread  conftest.c >&5
configure:7211: $? = 0
configure:7211: result: yes
configure:7211: checking for stdlib.h
configure:7211: cc -c  -pthread  conftest.c >&5
configure:7211: $? = 0
configure:7211: result: yes
configure:7211: checking for string.h
configure:7211: cc -c  -pthread  conftest.c >&5
configure:7211: $? = 0
configure:7211: result: yes
configure:7211: checking for inttypes.h
configure:7211: cc -c  -pthread  conftest.c >&5
configure:7211: $? = 0
configure:7211: result: yes
configure:7211: checking for stdint.h
configure:7211: cc -c  -pthread  conftest.c >&5
configure:7211: $? = 0
configure:7211: result: yes
configure:7211: checking for strings.h
configure:7211: cc -c  -pthread  conftest.c >&5
configure:7211: $? = 0
configure:7211: result: yes
configure:7211: checking for sys/stat.h
configure:7211: cc -c  -pthread  conftest.c >&5
configure:7211: $? = 0
configure:7211: result: yes
configure:7211: checking for sys/types.h
configure:7211: cc -c  -pthread  conftest.c >&5
configure:7211: $? = 0
configure:7211: result: yes
configure:7211: checking for unistd.h
configure:7211: cc -c  -pthread  conftest.c >&5
configure:7211: $? = 0
configure:7211: result: yes
configure:7211: checking for sys/time.h
configure:7211: cc -c  -pthread  conftest.c >&5
configure:7211: $? = 0
configure:7211: result: yes
configure:7236: checking for sha.h
configure:7236: cc -c  -pthread  conftest.c >&5
conftest.c:54:10: fatal error: sha.h: No such file or directory
   54 | #include <sha.h>
      |          ^~~~~~~
compilation terminated.
configure:7236: $? = 1
configure: failed program was:
| /* confdefs.h */
| #define PACKAGE_NAME "goaccess"
| #define PACKAGE_TARNAME "goaccess"
| #define PACKAGE_VERSION "1.9.3"
| #define PACKAGE_STRING "goaccess 1.9.3"
| #define PACKAGE_BUGREPORT "hello@goaccess.io"
| #define PACKAGE_URL "https://goaccess.io"
| #define PACKAGE "goaccess"
| #define VERSION "1.9.3"
| #define ENABLE_NLS 1
| #define HAVE_GETTEXT 1
| #define HAVE_DCGETTEXT 1
| #define HAVE_LIBPTHREAD 1
| #define HAVE_STDIO_H 1
| #define HAVE_STDLIB_H 1
| #define HAVE_STRING_H 1
| #define HAVE_INTTYPES_H 1
| #define HAVE_STDINT_H 1
| #define HAVE_STRINGS_H 1
| #define HAVE_SYS_STAT_H 1
| #define HAVE_SYS_TYPES_H 1
| #define HAVE_UNISTD_H 1
| #define HAVE_SYS_TIME_H 1
| #define STDC_HEADERS 1
| /* end confdefs.h.  */
| #include <stddef.h>
| #ifdef HAVE_STDIO_H
| # include <stdio.h>
| #endif
| #ifdef HAVE_STDLIB_H
| # include <stdlib.h>
| #endif
| #ifdef HAVE_STRING_H
| # include <string.h>
| #endif
| #ifdef HAVE_INTTYPES_H
| # include <inttypes.h>
| #endif
| #ifdef HAVE_STDINT_H
| # include <stdint.h>
| #endif
| #ifdef HAVE_STRINGS_H
| # include <strings.h>
| #endif
| #ifdef HAVE_SYS_TYPES_H
| # include <sys/types.h>
| #endif
| #ifdef HAVE_SYS_STAT_H
| # include <sys/stat.h>
| #endif
| #ifdef HAVE_UNISTD_H
| # include <unistd.h>
| #endif
| #include <sha.h>
configure:7236: result: no
configure:7242: checking for sha1.h
configure:7242: cc -c  -pthread  conftest.c >&5
conftest.c:54:10: fatal error: sha1.h: No such file or directory
   54 | #include <sha1.h>
      |          ^~~~~~~~
compilation terminated.
configure:7242: $? = 1
configure: failed program was:
| /* confdefs.h */
| #define PACKAGE_NAME "goaccess"
| #define PACKAGE_TARNAME "goaccess"
| #define PACKAGE_VERSION "1.9.3"
| #define PACKAGE_STRING "goaccess 1.9.3"
| #define PACKAGE_BUGREPORT "hello@goaccess.io"
| #define PACKAGE_URL "https://goaccess.io"
| #define PACKAGE "goaccess"
| #define VERSION "1.9.3"
| #define ENABLE_NLS 1
| #define HAVE_GETTEXT 1
| #define HAVE_DCGETTEXT 1
| #define HAVE_LIBPTHREAD 1
| #define HAVE_STDIO_H 1
| #define HAVE_STDLIB_H 1
| #define HAVE_STRING_H 1
| #define HAVE_INTTYPES_H 1
| #define HAVE_STDINT_H 1
| #define HAVE_STRINGS_H 1
| #define HAVE_SYS_STAT_H 1
| #define HAVE_SYS_TYPES_H 1
| #define HAVE_UNISTD_H 1
| #define HAVE_SYS_TIME_H 1
| #define STDC_HEADERS 1
| /* end confdefs.h.  */
| #include <stddef.h>
| #ifdef HAVE_STDIO_H
| # include <stdio.h>
| #endif
| #ifdef HAVE_STDLIB_H
| # include <stdlib.h>
| #endif
| #ifdef HAVE_STRING_H
| # include <string.h>
| #endif
| #ifdef HAVE_INTTYPES_H
| # include <inttypes.h>
| #endif
| #ifdef HAVE_STDINT_H
| # include <stdint.h>
| #endif
| #ifdef HAVE_STRINGS_H
| # include <strings.h>
| #endif
| #ifdef HAVE_SYS_TYPES_H
| # include <sys/types.h>
| #endif
| #ifdef HAVE_SYS_STAT_H
| # include <sys/stat.h>
| #endif
| #ifdef HAVE_UNISTD_H
| # include <unistd.h>
| #endif
| #include <sha1.h>
configure:7242: result: no
configure:7249: checking for SHA1Init
configure:7249: cc -o conftest  -pthread   conftest.c -lpthread  >&5
/usr/bin/ld: /tmp/ccqp9LIG.o: in function `main':
conftest.c:(.text+0x5): undefined reference to `SHA1Init'
collect2: error: ld returned 1 exit status
configure:7249: $? = 1
configure: failed program was:
| /* confdefs.h */
| #define PACKAGE_NAME "goaccess"
| #define PACKAGE_TARNAME "goaccess"
| #define PACKAGE_VERSION "1.9.3"
| #define PACKAGE_STRING "goaccess 1.9.3"
| #define PACKAGE_BUGREPORT "hello@goaccess.io"
| #define PACKAGE_URL "https://goaccess.io"
| #define PACKAGE "goaccess"
| #define VERSION "1.9.3"
| #define ENABLE_NLS 1
| #define HAVE_GETTEXT 1
| #define HAVE_DCGETTEXT 1
| #define HAVE_LIBPTHREAD 1
| #define HAVE_STDIO_H 1
| #define HAVE_STDLIB_H 1
| #define HAVE_STRING_H 1
| #define HAVE_INTTYPES_H 1
| #define HAVE_STDINT_H 1
| #define HAVE_STRINGS_H 1
| #define HAVE_SYS_STAT_H 1
| #define HAVE_SYS_TYPES_H 1
| #define HAVE_UNISTD_H 1
| #define HAVE_SYS_TIME_H 1
| #define STDC_HEADERS 1
| /* end confdefs.h.  */
| /* Define SHA1Init to an innocuous variant, in case <limits.h> declares SHA1Init.
|    For example, HP-UX 11i <limits.h> declares gettimeofday.  */
| #define SHA1Init innocuous_SHA1Init
| 
| /* System header to define __stub macros and hopefully few prototypes,
|    which can conflict with char SHA1Init (void); below.  */
| 
| #include <limits.h>
| #undef SHA1Init
| 
| /* Override any GCC internal prototype to avoid an error.
|    Use char because int might match the return type of a GCC
|    builtin and then its argument prototype would still apply.  */
| #ifdef __cplusplus
| extern "C"
| #endif
| char SHA1Init (void);
| /* The GNU C library defines this for functions which it implements
|     to always fail with ENOSYS.  Some functions are actually named
|     something starting with __ and the normal name is an alias.  */
| #if defined __stub_SHA1Init || defined __stub___SHA1Init
| choke me
| #endif
| 
| int
| main (void)
| {
| return SHA1Init ();
|   ;
|   return 0;
| }
configure:7249: result: no
configure:7451: checking for MMDB_open in -lmaxminddb
configure:7480: cc -o conftest  -pthread   conftest.c -lmaxminddb  -lpthread  >&5
configure:7480: $? = 0
configure:7492: result: yes
configure:7630: checking for mvaddwstr in -lncursesw
configure:7659: cc -o conftest  -pthread   conftest.c -lncursesw  -lmaxminddb -lpthread  >&5
configure:7659: $? = 0
configure:7672: result: yes
configure:7687: checking for library containing tputs
configure:7723: cc -o conftest  -pthread   conftest.c -lncursesw -lmaxminddb -lpthread  >&5
configure:7723: $? = 0
configure:7745: result: none required
configure:7764: checking for ncursesw/ncurses.h
configure:7764: cc -c  -pthread  conftest.c >&5
configure:7764: $? = 0
configure:7764: result: yes
configure:7780: checking for ncurses.h
configure:7780: cc -c  -pthread  conftest.c >&5
configure:7780: $? = 0
configure:7780: result: yes
configure:8036: checking for sed
configure:8057: found /usr/bin/sed
configure:8070: result: yes
configure:8081: checking for tr
configure:8102: found /usr/bin/tr
configure:8115: result: yes
configure:8155: checking for gethostbyname in -lnsl
configure:8184: cc -o conftest  -pthread   conftest.c -lnsl  -lncursesw -lmaxminddb -lpthread  >&5
/usr/bin/ld: cannot find -lnsl: No such file or directory
collect2: error: ld returned 1 exit status
configure:8184: $? = 1
configure: failed program was:
| /* confdefs.h */
| #define PACKAGE_NAME "goaccess"
| #define PACKAGE_TARNAME "goaccess"
| #define PACKAGE_VERSION "1.9.3"
| #define PACKAGE_STRING "goaccess 1.9.3"
| #define PACKAGE_BUGREPORT "hello@goaccess.io"
| #define PACKAGE_URL "https://goaccess.io"
| #define PACKAGE "goaccess"
| #define VERSION "1.9.3"
| #define ENABLE_NLS 1
| #define HAVE_GETTEXT 1
| #define HAVE_DCGETTEXT 1
| #define HAVE_LIBPTHREAD 1
| #define HAVE_STDIO_H 1
| #define HAVE_STDLIB_H 1
| #define HAVE_STRING_H 1
| #define HAVE_INTTYPES_H 1
| #define HAVE_STDINT_H 1
| #define HAVE_STRINGS_H 1
| #define HAVE_SYS_STAT_H 1
| #define HAVE_SYS_TYPES_H 1
| #define HAVE_UNISTD_H 1
| #define HAVE_SYS_TIME_H 1
| #define STDC_HEADERS 1
| #define HAVE_LIBMAXMINDDB 1
| #define HAVE_GEOLOCATION 1
| #define HAVE_LIBNCURSESW 1
| #define HAVE_LIBNCURSESW 1
| #define HAVE_NCURSESW_NCURSES_H 1
| #define HAVE_NCURSES_H 1
| /* end confdefs.h.  */
| 
| /* Override any GCC internal prototype to avoid an error.
|    Use char because int might match the return type of a GCC
|    builtin and then its argument prototype would still apply.
|    The 'extern "C"' is for builds by C++ compilers;
|    although this is not generally supported in C code supporting it here
|    has little cost and some practical benefit (sr 110532).  */
| #ifdef __cplusplus
| extern "C"
| #endif
| char gethostbyname (void);
| int
| main (void)
| {
| return gethostbyname ();
|   ;
|   return 0;
| }
configure:8196: result: no
configure:8206: checking for socket in -lsocket
configure:8235: cc -o conftest  -pthread   conftest.c -lsocket  -lncursesw -lmaxminddb -lpthread  >&5
/usr/bin/ld: cannot find -lsocket: No such file or directory
collect2: error: ld returned 1 exit status
configure:8235: $? = 1
configure: failed program was:
| /* confdefs.h */
| #define PACKAGE_NAME "goaccess"
| #define PACKAGE_TARNAME "goaccess"
| #define PACKAGE_VERSION "1.9.3"
| #define PACKAGE_STRING "goaccess 1.9.3"
| #define PACKAGE_BUGREPORT "hello@goaccess.io"
| #define PACKAGE_URL "https://goaccess.io"
| #define PACKAGE "goaccess"
| #define VERSION "1.9.3"
| #define ENABLE_NLS 1
| #define HAVE_GETTEXT 1
| #define HAVE_DCGETTEXT 1
| #define HAVE_LIBPTHREAD 1
| #define HAVE_STDIO_H 1
| #define HAVE_STDLIB_H 1
| #define HAVE_STRING_H 1
| #define HAVE_INTTYPES_H 1
| #define HAVE_STDINT_H 1
| #define HAVE_STRINGS_H 1
| #define HAVE_SYS_STAT_H 1
| #define HAVE_SYS_TYPES_H 1
| #define HAVE_UNISTD_H 1
| #define HAVE_SYS_TIME_H 1
| #define STDC_HEADERS 1
| #define HAVE_LIBMAXMINDDB 1
| #define HAVE_GEOLOCATION 1
| #define HAVE_LIBNCURSESW 1
| #define HAVE_LIBNCURSESW 1
| #define HAVE_NCURSESW_NCURSES_H 1
| #define HAVE_NCURSES_H 1
| /* end confdefs.h.  */
| 
| /* Override any GCC internal prototype to avoid an error.
|    Use char because int might match the return type of a GCC
|    builtin and then its argument prototype would still apply.
|    The 'extern "C"' is for builds by C++ compilers;
|    although this is not generally supported in C code supporting it here
|    has little cost and some practical benefit (sr 110532).  */
| #ifdef __cplusplus
| extern "C"
| #endif
| char socket (void);
| int
| main (void)
| {
| return socket ();
|   ;
|   return 0;
| }
configure:8247: result: no
configure:8259: checking for grep that handles long lines and -e
configure:8325: result: /usr/bin/grep
configure:8333: checking for egrep
configure:8403: result: /usr/bin/grep -E
configure:8411: checking for arpa/inet.h
configure:8411: cc -c  -pthread  conftest.c >&5
configure:8411: $? = 0
configure:8411: result: yes
configure:8418: checking for fcntl.h
configure:8418: cc -c  -pthread  conftest.c >&5
configure:8418: $? = 0
configure:8418: result: yes
configure:8425: checking for inttypes.h
configure:8425: result: yes
configure:8432: checking for limits.h
configure:8432: cc -c  -pthread  conftest.c >&5
configure:8432: $? = 0
configure:8432: result: yes
configure:8439: checking for locale.h
configure:8439: cc -c  -pthread  conftest.c >&5
configure:8439: $? = 0
configure:8439: result: yes
configure:8446: checking for netdb.h
configure:8446: cc -c  -pthread  conftest.c >&5
configure:8446: $? = 0
configure:8446: result: yes
configure:8453: checking for netinet/in.h
configure:8453: cc -c  -pthread  conftest.c >&5
configure:8453: $? = 0
configure:8453: result: yes
configure:8460: checking for stddef.h
configure:8460: cc -c  -pthread  conftest.c >&5
configure:8460: $? = 0
configure:8460: result: yes
configure:8467: checking for stdint.h
configure:8467: result: yes
configure:8474: checking for stdlib.h
configure:8474: result: yes
configure:8481: checking for string.h
configure:8481: result: yes
configure:8488: checking for strings.h
configure:8488: result: yes
configure:8495: checking for sys/socket.h
configure:8495: cc -c  -pthread  conftest.c >&5
configure:8495: $? = 0
configure:8495: result: yes
configure:8502: checking for sys/time.h
configure:8502: result: yes
configure:8509: checking for unistd.h
configure:8509: result: yes
configure:8518: checking for an ANSI C-conforming const
configure:8585: cc -c  -pthread  conftest.c >&5
configure:8585: $? = 0
configure:8595: result: yes
configure:8603: checking for ptrdiff_t
configure:8603: cc -c  -pthread  conftest.c >&5
configure:8603: $? = 0
configure:8603: cc -c  -pthread  conftest.c >&5
conftest.c: In function 'main':
conftest.c:78:24: error: expected expression before ')' token
   78 | if (sizeof ((ptrdiff_t)))
      |                        ^
configure:8603: $? = 1
configure: failed program was:
| /* confdefs.h */
| #define PACKAGE_NAME "goaccess"
| #define PACKAGE_TARNAME "goaccess"
| #define PACKAGE_VERSION "1.9.3"
| #define PACKAGE_STRING "goaccess 1.9.3"
| #define PACKAGE_BUGREPORT "hello@goaccess.io"
| #define PACKAGE_URL "https://goaccess.io"
| #define PACKAGE "goaccess"
| #define VERSION "1.9.3"
| #define ENABLE_NLS 1
| #define HAVE_GETTEXT 1
| #define HAVE_DCGETTEXT 1
| #define HAVE_LIBPTHREAD 1
| #define HAVE_STDIO_H 1
| #define HAVE_STDLIB_H 1
| #define HAVE_STRING_H 1
| #define HAVE_INTTYPES_H 1
| #define HAVE_STDINT_H 1
| #define HAVE_STRINGS_H 1
| #define HAVE_SYS_STAT_H 1
| #define HAVE_SYS_TYPES_H 1
| #define HAVE_UNISTD_H 1
| #define HAVE_SYS_TIME_H 1
| #define STDC_HEADERS 1
| #define HAVE_LIBMAXMINDDB 1
| #define HAVE_GEOLOCATION 1
| #define HAVE_LIBNCURSESW 1
| #define HAVE_LIBNCURSESW 1
| #define HAVE_NCURSESW_NCURSES_H 1
| #define HAVE_NCURSES_H 1
| #define HAVE_ARPA_INET_H 1
| #define HAVE_FCNTL_H 1
| #define HAVE_INTTYPES_H 1
| #define HAVE_LIMITS_H 1
| #define HAVE_LOCALE_H 1
| #define HAVE_NETDB_H 1
| #define HAVE_NETINET_IN_H 1
| #define HAVE_STDDEF_H 1
| #define HAVE_STDINT_H 1
| #define HAVE_STDLIB_H 1
| #define HAVE_STRING_H 1
| #define HAVE_STRINGS_H 1
| #define HAVE_SYS_SOCKET_H 1
| #define HAVE_SYS_TIME_H 1
| #define HAVE_UNISTD_H 1
| /* end confdefs.h.  */
| #include <stddef.h>
| #ifdef HAVE_STDIO_H
| # include <stdio.h>
| #endif
| #ifdef HAVE_STDLIB_H
| # include <stdlib.h>
| #endif
| #ifdef HAVE_STRING_H
| # include <string.h>
| #endif
| #ifdef HAVE_INTTYPES_H
| # include <inttypes.h>
| #endif
| #ifdef HAVE_STDINT_H
| # include <stdint.h>
| #endif
| #ifdef HAVE_STRINGS_H
| # include <strings.h>
| #endif
| #ifdef HAVE_SYS_TYPES_H
| # include <sys/types.h>
| #endif
| #ifdef HAVE_SYS_STAT_H
| # include <sys/stat.h>
| #endif
| #ifdef HAVE_UNISTD_H
| # include <unistd.h>
| #endif
| int
| main (void)
| {
| if (sizeof ((ptrdiff_t)))
| 	    return 0;
|   ;
|   return 0;
| }
configure:8603: result: yes
configure:8612: checking whether struct tm is in sys/time.h or time.h
configure:8633: cc -c  -pthread  conftest.c >&5
configure:8633: $? = 0
configure:8643: result: time.h
configure:8651: checking for int64_t
configure:8651: cc -c  -pthread  conftest.c >&5
configure:8651: $? = 0
configure:8651: cc -c  -pthread  conftest.c >&5
conftest.c: In function 'main':
conftest.c:81:67: warning: integer overflow in expression of type 'long int' results in '-9223372036854775808' [-Woverflow]
   81 |                  < (int64_t) (((((int64_t) 1 << N) << N) - 1) * 2 + 2))];
      |                                                                   ^
conftest.c:80:12: error: storage size of 'test_array' isn't constant
   80 | static int test_array [1 - 2 * !((int64_t) (((((int64_t) 1 << N) << N) - 1) * 2 + 1)
      |            ^~~~~~~~~~
configure:8651: $? = 1
configure: failed program was:
| /* confdefs.h */
| #define PACKAGE_NAME "goaccess"
| #define PACKAGE_TARNAME "goaccess"
| #define PACKAGE_VERSION "1.9.3"
| #define PACKAGE_STRING "goaccess 1.9.3"
| #define PACKAGE_BUGREPORT "hello@goaccess.io"
| #define PACKAGE_URL "https://goaccess.io"
| #define PACKAGE "goaccess"
| #define VERSION "1.9.3"
| #define ENABLE_NLS 1
| #define HAVE_GETTEXT 1
| #define HAVE_DCGETTEXT 1
| #define HAVE_LIBPTHREAD 1
| #define HAVE_STDIO_H 1
| #define HAVE_STDLIB_H 1
| #define HAVE_STRING_H 1
| #define HAVE_INTTYPES_H 1
| #define HAVE_STDINT_H 1
| #define HAVE_STRINGS_H 1
| #define HAVE_SYS_STAT_H 1
| #define HAVE_SYS_TYPES_H 1
| #define HAVE_UNISTD_H 1
| #define HAVE_SYS_TIME_H 1
| #define STDC_HEADERS 1
| #define HAVE_LIBMAXMINDDB 1
| #define HAVE_GEOLOCATION 1
| #define HAVE_LIBNCURSESW 1
| #define HAVE_LIBNCURSESW 1
| #define HAVE_NCURSESW_NCURSES_H 1
| #define HAVE_NCURSES_H 1
| #define HAVE_ARPA_INET_H 1
| #define HAVE_FCNTL_H 1
| #define HAVE_INTTYPES_H 1
| #define HAVE_LIMITS_H 1
| #define HAVE_LOCALE_H 1
| #define HAVE_NETDB_H 1
| #define HAVE_NETINET_IN_H 1
| #define HAVE_STDDEF_H 1
| #define HAVE_STDINT_H 1
| #define HAVE_STDLIB_H 1
| #define HAVE_STRING_H 1
| #define HAVE_STRINGS_H 1
| #define HAVE_SYS_SOCKET_H 1
| #define HAVE_SYS_TIME_H 1
| #define HAVE_UNISTD_H 1
| #define HAVE_PTRDIFF_T 1
| /* end confdefs.h.  */
| #include <stddef.h>
| #ifdef HAVE_STDIO_H
| # include <stdio.h>
| #endif
| #ifdef HAVE_STDLIB_H
| # include <stdlib.h>
| #endif
| #ifdef HAVE_STRING_H
| # include <string.h>
| #endif
| #ifdef HAVE_INTTYPES_H
| # include <inttypes.h>
| #endif
| #ifdef HAVE_STDINT_H
| # include <stdint.h>
| #endif
| #ifdef HAVE_STRINGS_H
| # include <strings.h>
| #endif
| #ifdef HAVE_SYS_TYPES_H
| # include <sys/types.h>
| #endif
| #ifdef HAVE_SYS_STAT_H
| # include <sys/stat.h>
| #endif
| #ifdef HAVE_UNISTD_H
| # include <unistd.h>
| #endif
| 	        enum { N = 64 / 2 - 1 };
| int
| main (void)
| {
| static int test_array [1 - 2 * !((int64_t) (((((int64_t) 1 << N) << N) - 1) * 2 + 1)
| 		 < (int64_t) (((((int64_t) 1 << N) << N) - 1) * 2 + 2))];
| test_array [0] = 0;
| return test_array [0];
| 
|   ;
|   return 0;
| }
configure:8651: result: yes
configure:8660: checking for int8_t
configure:8660: cc -c  -pthread  conftest.c >&5
configure:8660: $? = 0
configure:8660: cc -c  -pthread  conftest.c >&5
conftest.c: In function 'main':
conftest.c:80:12: error: size of array 'test_array' is negative
   80 | static int test_array [1 - 2 * !((int8_t) (((((int8_t) 1 << N) << N) - 1) * 2 + 1)
      |            ^~~~~~~~~~
configure:8660: $? = 1
configure: failed program was:
| /* confdefs.h */
| #define PACKAGE_NAME "goaccess"
| #define PACKAGE_TARNAME "goaccess"
| #define PACKAGE_VERSION "1.9.3"
| #define PACKAGE_STRING "goaccess 1.9.3"
| #define PACKAGE_BUGREPORT "hello@goaccess.io"
| #define PACKAGE_URL "https://goaccess.io"
| #define PACKAGE "goaccess"
| #define VERSION "1.9.3"
| #define ENABLE_NLS 1
| #define HAVE_GETTEXT 1
| #define HAVE_DCGETTEXT 1
| #define HAVE_LIBPTHREAD 1
| #define HAVE_STDIO_H 1
| #define HAVE_STDLIB_H 1
| #define HAVE_STRING_H 1
| #define HAVE_INTTYPES_H 1
| #define HAVE_STDINT_H 1
| #define HAVE_STRINGS_H 1
| #define HAVE_SYS_STAT_H 1
| #define HAVE_SYS_TYPES_H 1
| #define HAVE_UNISTD_H 1
| #define HAVE_SYS_TIME_H 1
| #define STDC_HEADERS 1
| #define HAVE_LIBMAXMINDDB 1
| #define HAVE_GEOLOCATION 1
| #define HAVE_LIBNCURSESW 1
| #define HAVE_LIBNCURSESW 1
| #define HAVE_NCURSESW_NCURSES_H 1
| #define HAVE_NCURSES_H 1
| #define HAVE_ARPA_INET_H 1
| #define HAVE_FCNTL_H 1
| #define HAVE_INTTYPES_H 1
| #define HAVE_LIMITS_H 1
| #define HAVE_LOCALE_H 1
| #define HAVE_NETDB_H 1
| #define HAVE_NETINET_IN_H 1
| #define HAVE_STDDEF_H 1
| #define HAVE_STDINT_H 1
| #define HAVE_STDLIB_H 1
| #define HAVE_STRING_H 1
| #define HAVE_STRINGS_H 1
| #define HAVE_SYS_SOCKET_H 1
| #define HAVE_SYS_TIME_H 1
| #define HAVE_UNISTD_H 1
| #define HAVE_PTRDIFF_T 1
| /* end confdefs.h.  */
| #include <stddef.h>
| #ifdef HAVE_STDIO_H
| # include <stdio.h>
| #endif
| #ifdef HAVE_STDLIB_H
| # include <stdlib.h>
| #endif
| #ifdef HAVE_STRING_H
| # include <string.h>
| #endif
| #ifdef HAVE_INTTYPES_H
| # include <inttypes.h>
| #endif
| #ifdef HAVE_STDINT_H
| # include <stdint.h>
| #endif
| #ifdef HAVE_STRINGS_H
| # include <strings.h>
| #endif
| #ifdef HAVE_SYS_TYPES_H
| # include <sys/types.h>
| #endif
| #ifdef HAVE_SYS_STAT_H
| # include <sys/stat.h>
| #endif
| #ifdef HAVE_UNISTD_H
| # include <unistd.h>
| #endif
| 	        enum { N = 8 / 2 - 1 };
| int
| main (void)
| {
| static int test_array [1 - 2 * !((int8_t) (((((int8_t) 1 << N) << N) - 1) * 2 + 1)
| 		 < (int8_t) (((((int8_t) 1 << N) << N) - 1) * 2 + 2))];
| test_array [0] = 0;
| return test_array [0];
| 
|   ;
|   return 0;
| }
configure:8660: result: yes
configure:8669: checking for off_t
configure:8669: cc -c  -pthread  conftest.c >&5
configure:8669: $? = 0
configure:8669: cc -c  -pthread  conftest.c >&5
conftest.c: In function 'main':
conftest.c:79:20: error: expected expression before ')' token
   79 | if (sizeof ((off_t)))
      |                    ^
configure:8669: $? = 1
configure: failed program was:
| /* confdefs.h */
| #define PACKAGE_NAME "goaccess"
| #define PACKAGE_TARNAME "goaccess"
| #define PACKAGE_VERSION "1.9.3"
| #define PACKAGE_STRING "goaccess 1.9.3"
| #define PACKAGE_BUGREPORT "hello@goaccess.io"
| #define PACKAGE_URL "https://goaccess.io"
| #define PACKAGE "goaccess"
| #define VERSION "1.9.3"
| #define ENABLE_NLS 1
| #define HAVE_GETTEXT 1
| #define HAVE_DCGETTEXT 1
| #define HAVE_LIBPTHREAD 1
| #define HAVE_STDIO_H 1
| #define HAVE_STDLIB_H 1
| #define HAVE_STRING_H 1
| #define HAVE_INTTYPES_H 1
| #define HAVE_STDINT_H 1
| #define HAVE_STRINGS_H 1
| #define HAVE_SYS_STAT_H 1
| #define HAVE_SYS_TYPES_H 1
| #define HAVE_UNISTD_H 1
| #define HAVE_SYS_TIME_H 1
| #define STDC_HEADERS 1
| #define HAVE_LIBMAXMINDDB 1
| #define HAVE_GEOLOCATION 1
| #define HAVE_LIBNCURSESW 1
| #define HAVE_LIBNCURSESW 1
| #define HAVE_NCURSESW_NCURSES_H 1
| #define HAVE_NCURSES_H 1
| #define HAVE_ARPA_INET_H 1
| #define HAVE_FCNTL_H 1
| #define HAVE_INTTYPES_H 1
| #define HAVE_LIMITS_H 1
| #define HAVE_LOCALE_H 1
| #define HAVE_NETDB_H 1
| #define HAVE_NETINET_IN_H 1
| #define HAVE_STDDEF_H 1
| #define HAVE_STDINT_H 1
| #define HAVE_STDLIB_H 1
| #define HAVE_STRING_H 1
| #define HAVE_STRINGS_H 1
| #define HAVE_SYS_SOCKET_H 1
| #define HAVE_SYS_TIME_H 1
| #define HAVE_UNISTD_H 1
| #define HAVE_PTRDIFF_T 1
| /* end confdefs.h.  */
| #include <stddef.h>
| #ifdef HAVE_STDIO_H
| # include <stdio.h>
| #endif
| #ifdef HAVE_STDLIB_H
| # include <stdlib.h>
| #endif
| #ifdef HAVE_STRING_H
| # include <string.h>
| #endif
| #ifdef HAVE_INTTYPES_H
| # include <inttypes.h>
| #endif
| #ifdef HAVE_STDINT_H
| # include <stdint.h>
| #endif
| #ifdef HAVE_STRINGS_H
| # include <strings.h>
| #endif
| #ifdef HAVE_SYS_TYPES_H
| # include <sys/types.h>
| #endif
| #ifdef HAVE_SYS_STAT_H
| # include <sys/stat.h>
| #endif
| #ifdef HAVE_UNISTD_H
| # include <unistd.h>
| #endif
| int
| main (void)
| {
| if (sizeof ((off_t)))
| 	    return 0;
|   ;
|   return 0;
| }
configure:8669: result: yes
configure:8680: checking for size_t
configure:8680: cc -c  -pthread  conftest.c >&5
configure:8680: $? = 0
configure:8680: cc -c  -pthread  conftest.c >&5
conftest.c: In function 'main':
conftest.c:79:21: error: expected expression before ')' token
   79 | if (sizeof ((size_t)))
      |                     ^
configure:8680: $? = 1
configure: failed program was:
| /* confdefs.h */
| #define PACKAGE_NAME "goaccess"
| #define PACKAGE_TARNAME "goaccess"
| #define PACKAGE_VERSION "1.9.3"
| #define PACKAGE_STRING "goaccess 1.9.3"
| #define PACKAGE_BUGREPORT "hello@goaccess.io"
| #define PACKAGE_URL "https://goaccess.io"
| #define PACKAGE "goaccess"
| #define VERSION "1.9.3"
| #define ENABLE_NLS 1
| #define HAVE_GETTEXT 1
| #define HAVE_DCGETTEXT 1
| #define HAVE_LIBPTHREAD 1
| #define HAVE_STDIO_H 1
| #define HAVE_STDLIB_H 1
| #define HAVE_STRING_H 1
| #define HAVE_INTTYPES_H 1
| #define HAVE_STDINT_H 1
| #define HAVE_STRINGS_H 1
| #define HAVE_SYS_STAT_H 1
| #define HAVE_SYS_TYPES_H 1
| #define HAVE_UNISTD_H 1
| #define HAVE_SYS_TIME_H 1
| #define STDC_HEADERS 1
| #define HAVE_LIBMAXMINDDB 1
| #define HAVE_GEOLOCATION 1
| #define HAVE_LIBNCURSESW 1
| #define HAVE_LIBNCURSESW 1
| #define HAVE_NCURSESW_NCURSES_H 1
| #define HAVE_NCURSES_H 1
| #define HAVE_ARPA_INET_H 1
| #define HAVE_FCNTL_H 1
| #define HAVE_INTTYPES_H 1
| #define HAVE_LIMITS_H 1
| #define HAVE_LOCALE_H 1
| #define HAVE_NETDB_H 1
| #define HAVE_NETINET_IN_H 1
| #define HAVE_STDDEF_H 1
| #define HAVE_STDINT_H 1
| #define HAVE_STDLIB_H 1
| #define HAVE_STRING_H 1
| #define HAVE_STRINGS_H 1
| #define HAVE_SYS_SOCKET_H 1
| #define HAVE_SYS_TIME_H 1
| #define HAVE_UNISTD_H 1
| #define HAVE_PTRDIFF_T 1
| /* end confdefs.h.  */
| #include <stddef.h>
| #ifdef HAVE_STDIO_H
| # include <stdio.h>
| #endif
| #ifdef HAVE_STDLIB_H
| # include <stdlib.h>
| #endif
| #ifdef HAVE_STRING_H
| # include <string.h>
| #endif
| #ifdef HAVE_INTTYPES_H
| # include <inttypes.h>
| #endif
| #ifdef HAVE_STDINT_H
| # include <stdint.h>
| #endif
| #ifdef HAVE_STRINGS_H
| # include <strings.h>
| #endif
| #ifdef HAVE_SYS_TYPES_H
| # include <sys/types.h>
| #endif
| #ifdef HAVE_SYS_STAT_H
| # include <sys/stat.h>
| #endif
| #ifdef HAVE_UNISTD_H
| # include <unistd.h>
| #endif
| int
| main (void)
| {
| if (sizeof ((size_t)))
| 	    return 0;
|   ;
|   return 0;
| }
configure:8680: result: yes
configure:8691: checking for uint32_t
configure:8691: cc -c  -pthread  conftest.c >&5
configure:8691: $? = 0
configure:8691: result: yes
configure:8703: checking for uint64_t
configure:8703: cc -c  -pthread  conftest.c >&5
configure:8703: $? = 0
configure:8703: result: yes
configure:8715: checking for uint8_t
configure:8715: cc -c  -pthread  conftest.c >&5
configure:8715: $? = 0
configure:8715: result: yes
configure:8729: checking for declarations of fseeko and ftello
configure:8762: cc -c  -pthread  conftest.c >&5
configure:8762: $? = 0
configure:8808: result: yes
configure:8823: checking for working memcmp
configure:8868: cc -o conftest  -pthread   conftest.c -lncursesw -lmaxminddb -lpthread  >&5
configure:8868: $? = 0
configure:8868: ./conftest
configure:8868: $? = 0
configure:8882: result: yes
configure:8896: checking for alarm
configure:8896: cc -o conftest  -pthread   conftest.c -lncursesw -lmaxminddb -lpthread  >&5
configure:8896: $? = 0
configure:8896: result: yes
configure:8907: checking for working mktime
configure:9105: cc -o conftest  -pthread   conftest.c -lncursesw -lmaxminddb -lpthread  >&5
configure:9105: $? = 0
configure:9105: ./conftest
configure:9105: $? = 0
configure:9119: result: yes
configure:9130: checking whether lstat correctly handles trailing slash
configure:9163: cc -o conftest  -pthread   conftest.c -lncursesw -lmaxminddb -lpthread  >&5
configure:9163: $? = 0
configure:9163: ./conftest
configure:9163: $? = 0
configure:9184: result: yes
configure:9201: checking whether stat accepts an empty string
configure:9223: cc -o conftest  -pthread   conftest.c -lncursesw -lmaxminddb -lpthread  >&5
configure:9223: $? = 0
configure:9223: ./conftest
configure:9223: $? = 0
configure:9237: result: no
configure:9254: checking for strftime
configure:9254: cc -o conftest  -pthread   conftest.c -lncursesw -lmaxminddb -lpthread  >&5
conftest.c:67:6: warning: conflicting types for built-in function 'strftime'; expected 'long unsigned int(char *, long unsigned int,  const char *, const void *)' [-Wbuiltin-declaration-mismatch]
   67 | char strftime (void);
      |      ^~~~~~~~
conftest.c:59:1: note: 'strftime' is declared in header '<time.h>'
   58 | #include <limits.h>
   59 | #undef strftime
configure:9254: $? = 0
configure:9254: result: yes
configure:9315: checking for working strtod
configure:9355: cc -o conftest  -pthread   conftest.c -lncursesw -lmaxminddb -lpthread  >&5
configure:9355: $? = 0
configure:9355: ./conftest
configure:9355: $? = 0
configure:9369: result: yes
configure:9441: checking for floor
configure:9441: cc -o conftest  -pthread   conftest.c -lncursesw -lmaxminddb -lpthread  >&5
conftest.c:68:6: warning: conflicting types for built-in function 'floor'; expected 'double(double)' [-Wbuiltin-declaration-mismatch]
   68 | char floor (void);
      |      ^~~~~
conftest.c:60:1: note: 'floor' is declared in header '<math.h>'
   59 | #include <limits.h>
   60 | #undef floor
/usr/bin/ld: /tmp/ccVbOowi.o: in function `main':
conftest.c:(.text+0x5): undefined reference to `floor'
collect2: error: ld returned 1 exit status
configure:9441: $? = 1
configure: failed program was:
| /* confdefs.h */
| #define PACKAGE_NAME "goaccess"
| #define PACKAGE_TARNAME "goaccess"
| #define PACKAGE_VERSION "1.9.3"
| #define PACKAGE_STRING "goaccess 1.9.3"
| #define PACKAGE_BUGREPORT "hello@goaccess.io"
| #define PACKAGE_URL "https://goaccess.io"
| #define PACKAGE "goaccess"
| #define VERSION "1.9.3"
| #define ENABLE_NLS 1
| #define HAVE_GETTEXT 1
| #define HAVE_DCGETTEXT 1
| #define HAVE_LIBPTHREAD 1
| #define HAVE_STDIO_H 1
| #define HAVE_STDLIB_H 1
| #define HAVE_STRING_H 1
| #define HAVE_INTTYPES_H 1
| #define HAVE_STDINT_H 1
| #define HAVE_STRINGS_H 1
| #define HAVE_SYS_STAT_H 1
| #define HAVE_SYS_TYPES_H 1
| #define HAVE_UNISTD_H 1
| #define HAVE_SYS_TIME_H 1
| #define STDC_HEADERS 1
| #define HAVE_LIBMAXMINDDB 1
| #define HAVE_GEOLOCATION 1
| #define HAVE_LIBNCURSESW 1
| #define HAVE_LIBNCURSESW 1
| #define HAVE_NCURSESW_NCURSES_H 1
| #define HAVE_NCURSES_H 1
| #define HAVE_ARPA_INET_H 1
| #define HAVE_FCNTL_H 1
| #define HAVE_INTTYPES_H 1
| #define HAVE_LIMITS_H 1
| #define HAVE_LOCALE_H 1
| #define HAVE_NETDB_H 1
| #define HAVE_NETINET_IN_H 1
| #define HAVE_STDDEF_H 1
| #define HAVE_STDINT_H 1
| #define HAVE_STDLIB_H 1
| #define HAVE_STRING_H 1
| #define HAVE_STRINGS_H 1
| #define HAVE_SYS_SOCKET_H 1
| #define HAVE_SYS_TIME_H 1
| #define HAVE_UNISTD_H 1
| #define HAVE_PTRDIFF_T 1
| #define HAVE_FSEEKO 1
| #define HAVE_ALARM 1
| #define LSTAT_FOLLOWS_SLASHED_SYMLINK 1
| #define HAVE_STRFTIME 1
| /* end confdefs.h.  */
| /* Define floor to an innocuous variant, in case <limits.h> declares floor.
|    For example, HP-UX 11i <limits.h> declares gettimeofday.  */
| #define floor innocuous_floor
| 
| /* System header to define __stub macros and hopefully few prototypes,
|    which can conflict with char floor (void); below.  */
| 
| #include <limits.h>
| #undef floor
| 
| /* Override any GCC internal prototype to avoid an error.
|    Use char because int might match the return type of a GCC
|    builtin and then its argument prototype would still apply.  */
| #ifdef __cplusplus
| extern "C"
| #endif
| char floor (void);
| /* The GNU C library defines this for functions which it implements
|     to always fail with ENOSYS.  Some functions are actually named
|     something starting with __ and the normal name is an alias.  */
| #if defined __stub_floor || defined __stub___floor
| choke me
| #endif
| 
| int
| main (void)
| {
| return floor ();
|   ;
|   return 0;
| }
configure:9441: result: no
configure:9448: checking for gethostbyaddr
configure:9448: cc -o conftest  -pthread   conftest.c -lncursesw -lmaxminddb -lpthread  >&5
configure:9448: $? = 0
configure:9448: result: yes
configure:9455: checking for gethostbyname
configure:9455: cc -o conftest  -pthread   conftest.c -lncursesw -lmaxminddb -lpthread  >&5
configure:9455: $? = 0
configure:9455: result: yes
configure:9462: checking for gettimeofday
configure:9462: cc -o conftest  -pthread   conftest.c -lncursesw -lmaxminddb -lpthread  >&5
configure:9462: $? = 0
configure:9462: result: yes
configure:9469: checking for malloc
configure:9469: cc -o conftest  -pthread   conftest.c -lncursesw -lmaxminddb -lpthread  >&5
conftest.c:71:6: warning: conflicting types for built-in function 'malloc'; expected 'void *(long unsigned int)' [-Wbuiltin-declaration-mismatch]
   71 | char malloc (void);
      |      ^~~~~~
conftest.c:63:1: note: 'malloc' is declared in header '<stdlib.h>'
   62 | #include <limits.h>
   63 | #undef malloc
configure:9469: $? = 0
configure:9469: result: yes
configure:9476: checking for memmove
configure:9476: cc -o conftest  -pthread   conftest.c -lncursesw -lmaxminddb -lpthread  >&5
conftest.c:72:6: warning: conflicting types for built-in function 'memmove'; expected 'void *(void *, const void *, long unsigned int)' [-Wbuiltin-declaration-mismatch]
   72 | char memmove (void);
      |      ^~~~~~~
conftest.c:64:1: note: 'memmove' is declared in header '<string.h>'
   63 | #include <limits.h>
   64 | #undef memmove
configure:9476: $? = 0
configure:9476: result: yes
configure:9483: checking for memset
configure:9483: cc -o conftest  -pthread   conftest.c -lncursesw -lmaxminddb -lpthread  >&5
conftest.c:73:6: warning: conflicting types for built-in function 'memset'; expected 'void *(void *, int,  long unsigned int)' [-Wbuiltin-declaration-mismatch]
   73 | char memset (void);
      |      ^~~~~~
conftest.c:65:1: note: 'memset' is declared in header '<string.h>'
   64 | #include <limits.h>
   65 | #undef memset
configure:9483: $? = 0
configure:9483: result: yes
configure:9490: checking for mkfifo
configure:9490: cc -o conftest  -pthread   conftest.c -lncursesw -lmaxminddb -lpthread  >&5
configure:9490: $? = 0
configure:9490: result: yes
configure:9497: checking for poll
configure:9497: cc -o conftest  -pthread   conftest.c -lncursesw -lmaxminddb -lpthread  >&5
configure:9497: $? = 0
configure:9497: result: yes
configure:9504: checking for realloc
configure:9504: cc -o conftest  -pthread   conftest.c -lncursesw -lmaxminddb -lpthread  >&5
conftest.c:76:6: warning: conflicting types for built-in function 'realloc'; expected 'void *(void *, long unsigned int)' [-Wbuiltin-declaration-mismatch]
   76 | char realloc (void);
      |      ^~~~~~~
conftest.c:68:1: note: 'realloc' is declared in header '<stdlib.h>'
   67 | #include <limits.h>
   68 | #undef realloc
configure:9504: $? = 0
configure:9504: result: yes
configure:9511: checking for realpath
configure:9511: cc -o conftest  -pthread   conftest.c -lncursesw -lmaxminddb -lpthread  >&5
configure:9511: $? = 0
configure:9511: result: yes
configure:9518: checking for regcomp
configure:9518: cc -o conftest  -pthread   conftest.c -lncursesw -lmaxminddb -lpthread  >&5
configure:9518: $? = 0
configure:9518: result: yes
configure:9525: checking for setlocale
configure:9525: cc -o conftest  -pthread   conftest.c -lncursesw -lmaxminddb -lpthread  >&5
configure:9525: $? = 0
configure:9525: result: yes
configure:9532: checking for socket
configure:9532: cc -o conftest  -pthread   conftest.c -lncursesw -lmaxminddb -lpthread  >&5
configure:9532: $? = 0
configure:9532: result: yes
configure:9539: checking for strcasecmp
configure:9539: cc -o conftest  -pthread   conftest.c -lncursesw -lmaxminddb -lpthread  >&5
conftest.c:81:6: warning: conflicting types for built-in function 'strcasecmp'; expected 'int(const char *, const char *)' [-Wbuiltin-declaration-mismatch]
   81 | char strcasecmp (void);
      |      ^~~~~~~~~~
configure:9539: $? = 0
configure:9539: result: yes
configure:9546: checking for strchr
configure:9546: cc -o conftest  -pthread   conftest.c -lncursesw -lmaxminddb -lpthread  >&5
conftest.c:82:6: warning: conflicting types for built-in function 'strchr'; expected 'char *(const char *, int)' [-Wbuiltin-declaration-mismatch]
   82 | char strchr (void);
      |      ^~~~~~
conftest.c:74:1: note: 'strchr' is declared in header '<string.h>'
   73 | #include <limits.h>
   74 | #undef strchr
configure:9546: $? = 0
configure:9546: result: yes
configure:9553: checking for strcspn
configure:9553: cc -o conftest  -pthread   conftest.c -lncursesw -lmaxminddb -lpthread  >&5
conftest.c:83:6: warning: conflicting types for built-in function 'strcspn'; expected 'long unsigned int(const char *, const char *)' [-Wbuiltin-declaration-mismatch]
   83 | char strcspn (void);
      |      ^~~~~~~
conftest.c:75:1: note: 'strcspn' is declared in header '<string.h>'
   74 | #include <limits.h>
   75 | #undef strcspn
configure:9553: $? = 0
configure:9553: result: yes
configure:9560: checking for strdup
configure:9560: cc -o conftest  -pthread   conftest.c -lncursesw -lmaxminddb -lpthread  >&5
conftest.c:84:6: warning: conflicting types for built-in function 'strdup'; expected 'char *(const char *)' [-Wbuiltin-declaration-mismatch]
   84 | char strdup (void);
      |      ^~~~~~
configure:9560: $? = 0
configure:9560: result: yes
configure:9567: checking for strerror
configure:9567: cc -o conftest  -pthread   conftest.c -lncursesw -lmaxminddb -lpthread  >&5
configure:9567: $? = 0
configure:9567: result: yes
configure:9574: checking for strncasecmp
configure:9574: cc -o conftest  -pthread   conftest.c -lncursesw -lmaxminddb -lpthread  >&5
conftest.c:86:6: warning: conflicting types for built-in function 'strncasecmp'; expected 'int(const char *, const char *, long unsigned int)' [-Wbuiltin-declaration-mismatch]
   86 | char strncasecmp (void);
      |      ^~~~~~~~~~~
configure:9574: $? = 0
configure:9574: result: yes
configure:9581: checking for strpbrk
configure:9581: cc -o conftest  -pthread   conftest.c -lncursesw -lmaxminddb -lpthread  >&5
conftest.c:87:6: warning: conflicting types for built-in function 'strpbrk'; expected 'char *(const char *, const char *)' [-Wbuiltin-declaration-mismatch]
   87 | char strpbrk (void);
      |      ^~~~~~~
conftest.c:79:1: note: 'strpbrk' is declared in header '<string.h>'
   78 | #include <limits.h>
   79 | #undef strpbrk
configure:9581: $? = 0
configure:9581: result: yes
configure:9588: checking for strrchr
configure:9588: cc -o conftest  -pthread   conftest.c -lncursesw -lmaxminddb -lpthread  >&5
conftest.c:88:6: warning: conflicting types for built-in function 'strrchr'; expected 'char *(const char *, int)' [-Wbuiltin-declaration-mismatch]
   88 | char strrchr (void);
      |      ^~~~~~~
conftest.c:80:1: note: 'strrchr' is declared in header '<string.h>'
   79 | #include <limits.h>
   80 | #undef strrchr
configure:9588: $? = 0
configure:9588: result: yes
configure:9595: checking for strspn
configure:9595: cc -o conftest  -pthread   conftest.c -lncursesw -lmaxminddb -lpthread  >&5
conftest.c:89:6: warning: conflicting types for built-in function 'strspn'; expected 'long unsigned int(const char *, const char *)' [-Wbuiltin-declaration-mismatch]
   89 | char strspn (void);
      |      ^~~~~~
conftest.c:81:1: note: 'strspn' is declared in header '<string.h>'
   80 | #include <limits.h>
   81 | #undef strspn
configure:9595: $? = 0
configure:9595: result: yes
configure:9602: checking for strstr
configure:9602: cc -o conftest  -pthread   conftest.c -lncursesw -lmaxminddb -lpthread  >&5
conftest.c:90:6: warning: conflicting types for built-in function 'strstr'; expected 'char *(const char *, const char *)' [-Wbuiltin-declaration-mismatch]
   90 | char strstr (void);
      |      ^~~~~~
conftest.c:82:1: note: 'strstr' is declared in header '<string.h>'
   81 | #include <limits.h>
   82 | #undef strstr
configure:9602: $? = 0
configure:9602: result: yes
configure:9609: checking for strtol
configure:9609: cc -o conftest  -pthread   conftest.c -lncursesw -lmaxminddb -lpthread  >&5
configure:9609: $? = 0
configure:9609: result: yes
configure:9616: checking for strtoull
configure:9616: cc -o conftest  -pthread   conftest.c -lncursesw -lmaxminddb -lpthread  >&5
configure:9616: $? = 0
configure:9616: result: yes
configure:9623: checking for timegm
configure:9623: cc -o conftest  -pthread   conftest.c -lncursesw -lmaxminddb -lpthread  >&5
configure:9623: $? = 0
configure:9623: result: yes
configure:9734: checking that generated files are newer than configure
configure:9740: result: done
configure:9795: creating ./config.status

## ---------------------- ##
## Running config.status. ##
## ---------------------- ##

This file was extended by goaccess config.status 1.9.3, which was
generated by GNU Autoconf 2.72.  Invocation command line was

  CONFIG_FILES    = 
  CONFIG_HEADERS  = 
  CONFIG_LINKS    = 
  CONFIG_COMMANDS = 
  $ ./config.status 

on kali

config.status:964: creating Makefile
config.status:964: creating po/Makefile.in
config.status:964: creating src/config.h
config.status:1193: executing depfiles commands
config.status:1270: cd .       && sed -e '/# am--include-marker/d' Makefile         | make -f - am--depfiles
config.status:1275: $? = 0
config.status:1193: executing po-directories commands

## ---------------- ##
## Cache variables. ##
## ---------------- ##

ac_cv_build=x86_64-pc-linux-gnu
ac_cv_c_compiler_gnu=yes
ac_cv_c_const=yes
ac_cv_c_int64_t=yes
ac_cv_c_int8_t=yes
ac_cv_c_uint32_t=yes
ac_cv_c_uint64_t=yes
ac_cv_c_uint8_t=yes
ac_cv_env_CC_set=
ac_cv_env_CC_value=
ac_cv_env_CFLAGS_set=
ac_cv_env_CFLAGS_value=
ac_cv_env_CPPFLAGS_set=
ac_cv_env_CPPFLAGS_value=
ac_cv_env_CPP_set=
ac_cv_env_CPP_value=
ac_cv_env_LDFLAGS_set=
ac_cv_env_LDFLAGS_value=
ac_cv_env_LIBS_set=
ac_cv_env_LIBS_value=
ac_cv_env_build_alias_set=
ac_cv_env_build_alias_value=
ac_cv_env_host_alias_set=
ac_cv_env_host_alias_value=
ac_cv_env_target_alias_set=
ac_cv_env_target_alias_value=
ac_cv_func_SHA1Init=no
ac_cv_func_alarm=yes
ac_cv_func_floor=no
ac_cv_func_fseeko_ftello=yes
ac_cv_func_gethostbyaddr=yes
ac_cv_func_gethostbyname=yes
ac_cv_func_gettimeofday=yes
ac_cv_func_lstat_dereferences_slashed_symlink=yes
ac_cv_func_malloc=yes
ac_cv_func_memcmp_working=yes
ac_cv_func_memmove=yes
ac_cv_func_memset=yes
ac_cv_func_mkfifo=yes
ac_cv_func_poll=yes
ac_cv_func_realloc=yes
ac_cv_func_realpath=yes
ac_cv_func_regcomp=yes
ac_cv_func_setlocale=yes
ac_cv_func_socket=yes
ac_cv_func_stat_empty_string_bug=no
ac_cv_func_strcasecmp=yes
ac_cv_func_strchr=yes
ac_cv_func_strcspn=yes
ac_cv_func_strdup=yes
ac_cv_func_strerror=yes
ac_cv_func_strftime=yes
ac_cv_func_strncasecmp=yes
ac_cv_func_strpbrk=yes
ac_cv_func_strrchr=yes
ac_cv_func_strspn=yes
ac_cv_func_strstr=yes
ac_cv_func_strtod=yes
ac_cv_func_strtol=yes
ac_cv_func_strtoull=yes
ac_cv_func_timegm=yes
ac_cv_func_working_mktime=yes
ac_cv_header_arpa_inet_h=yes
ac_cv_header_fcntl_h=yes
ac_cv_header_inttypes_h=yes
ac_cv_header_limits_h=yes
ac_cv_header_locale_h=yes
ac_cv_header_ncurses_h=yes
ac_cv_header_ncursesw_ncurses_h=yes
ac_cv_header_netdb_h=yes
ac_cv_header_netinet_in_h=yes
ac_cv_header_sha1_h=no
ac_cv_header_sha_h=no
ac_cv_header_stddef_h=yes
ac_cv_header_stdint_h=yes
ac_cv_header_stdio_h=yes
ac_cv_header_stdlib_h=yes
ac_cv_header_string_h=yes
ac_cv_header_strings_h=yes
ac_cv_header_sys_socket_h=yes
ac_cv_header_sys_stat_h=yes
ac_cv_header_sys_time_h=yes
ac_cv_header_sys_types_h=yes
ac_cv_header_unistd_h=yes
ac_cv_host=x86_64-pc-linux-gnu
ac_cv_lib_intl_dgettext=no
ac_cv_lib_intl_libintl_dgettext=no
ac_cv_lib_maxminddb_MMDB_open=yes
ac_cv_lib_ncursesw_mvaddwstr=yes
ac_cv_lib_nsl_gethostbyname=no
ac_cv_lib_pthread_pthread_create=yes
ac_cv_lib_socket_socket=no
ac_cv_objext=o
ac_cv_path_EGREP='/usr/bin/grep -E'
ac_cv_path_EGREP_TRADITIONAL='/usr/bin/grep -E'
ac_cv_path_GMSGFMT=:
ac_cv_path_GREP=/usr/bin/grep
ac_cv_path_MSGFMT=:
ac_cv_path_MSGMERGE=:
ac_cv_path_SED=/usr/bin/sed
ac_cv_path_XGETTEXT=:
ac_cv_path_install='/usr/bin/install -c'
ac_cv_path_mkdir=/usr/bin/mkdir
ac_cv_prog_AWK=gawk
ac_cv_prog_CPP='cc -E'
ac_cv_prog_SED_CHECK=yes
ac_cv_prog_TR_CHECK=yes
ac_cv_prog_ac_ct_CC=cc
ac_cv_prog_cc_c11=
ac_cv_prog_cc_g=yes
ac_cv_prog_cc_stdc=
ac_cv_prog_make_make_set=yes
ac_cv_search_tputs='none required'
ac_cv_struct_tm=time.h
ac_cv_type_off_t=yes
ac_cv_type_ptrdiff_t=yes
ac_cv_type_size_t=yes
acl_cv_hardcode_direct=no
acl_cv_hardcode_libdir_flag_spec='${wl}-rpath ${wl}$libdir'
acl_cv_hardcode_libdir_separator=
acl_cv_hardcode_minus_L=no
acl_cv_libext=a
acl_cv_libname_spec='lib$name'
acl_cv_library_names_spec='$libname$shrext'
acl_cv_path_LD=/usr/bin/ld
acl_cv_prog_gnu_ld=yes
acl_cv_rpath=done
acl_cv_shlibext=so
acl_cv_wl=-Wl,
am_cv_CC_dependencies_compiler_type=gcc3
am_cv_make_support_nested_variables=yes
am_cv_prog_cc_c_o=yes
gt_cv_func_CFLocaleCopyCurrent=no
gt_cv_func_CFPreferencesCopyAppValue=no
gt_cv_func_gnugettext1_libc=yes

## ----------------- ##
## Output variables. ##
## ----------------- ##

ACLOCAL='${SHELL} '\''/home/xot/Desktop/learning/boxes/tools/goaccess-1.9.3/missing'\'' aclocal-1.16'
AMDEPBACKSLASH='\'
AMDEP_FALSE='#'
AMDEP_TRUE=''
AMTAR='$${TAR-tar}'
AM_BACKSLASH='\'
AM_DEFAULT_V='$(AM_DEFAULT_VERBOSITY)'
AM_DEFAULT_VERBOSITY='1'
AM_V='$(V)'
AUTOCONF='${SHELL} '\''/home/xot/Desktop/learning/boxes/tools/goaccess-1.9.3/missing'\'' autoconf'
AUTOHEADER='${SHELL} '\''/home/xot/Desktop/learning/boxes/tools/goaccess-1.9.3/missing'\'' autoheader'
AUTOMAKE='${SHELL} '\''/home/xot/Desktop/learning/boxes/tools/goaccess-1.9.3/missing'\'' automake-1.16'
AWK='gawk'
CC='cc'
CCDEPMODE='depmode=gcc3'
CFLAGS=' -pthread'
CPP='cc -E'
CPPFLAGS=''
CSCOPE='cscope'
CTAGS='ctags'
CYGPATH_W='echo'
DEBUG_FALSE=''
DEBUG_TRUE='#'
DEFS='-DHAVE_CONFIG_H'
DEPDIR='.deps'
ECHO_C=''
ECHO_N='-n'
ECHO_T=''
EGREP='/usr/bin/grep -E'
ETAGS='etags'
EXEEXT=''
GEOIP_LEGACY_FALSE=''
GEOIP_LEGACY_TRUE='#'
GEOIP_MMDB_FALSE='#'
GEOIP_MMDB_TRUE=''
GETTEXT_MACRO_VERSION='0.19'
GMSGFMT=':'
GMSGFMT_015=':'
GREP='/usr/bin/grep'
HAS_SEDTR_FALSE='#'
HAS_SEDTR_TRUE=''
INSTALL_DATA='${INSTALL} -m 644'
INSTALL_PROGRAM='${INSTALL}'
INSTALL_SCRIPT='${INSTALL}'
INSTALL_STRIP_PROGRAM='$(install_sh) -c -s'
INTLLIBS=''
INTL_MACOSX_LIBS=''
LDFLAGS=''
LIBICONV='-liconv'
LIBINTL=''
LIBOBJS=''
LIBS='-lncursesw -lmaxminddb -lpthread '
LTLIBICONV='-liconv'
LTLIBINTL=''
LTLIBOBJS=''
MAKEINFO='${SHELL} '\''/home/xot/Desktop/learning/boxes/tools/goaccess-1.9.3/missing'\'' makeinfo'
MKDIR_P='/usr/bin/mkdir -p'
MSGFMT=':'
MSGFMT_015=':'
MSGMERGE=':'
OBJEXT='o'
PACKAGE='goaccess'
PACKAGE_BUGREPORT='hello@goaccess.io'
PACKAGE_NAME='goaccess'
PACKAGE_STRING='goaccess 1.9.3'
PACKAGE_TARNAME='goaccess'
PACKAGE_URL='https://goaccess.io'
PACKAGE_VERSION='1.9.3'
PATH_SEPARATOR=':'
POSUB='po'
POW_LIB=''
SED='/usr/bin/sed'
SED_CHECK='yes'
SET_MAKE=''
SHELL='/bin/bash'
STRIP=''
TR_CHECK='yes'
USE_MMAP_FALSE=''
USE_MMAP_TRUE='#'
USE_NLS='yes'
USE_SHA1_FALSE='#'
USE_SHA1_TRUE=''
VERSION='1.9.3'
WITH_ASAN_FALSE=''
WITH_ASAN_TRUE='#'
WITH_RDYNAMIC_FALSE='#'
WITH_RDYNAMIC_TRUE=''
XGETTEXT=':'
XGETTEXT_015=':'
XGETTEXT_EXTRA_OPTIONS=''
ac_ct_CC='cc'
am__EXEEXT_FALSE=''
am__EXEEXT_TRUE='#'
am__fastdepCC_FALSE='#'
am__fastdepCC_TRUE=''
am__include='include'
am__isrc=''
am__leading_dot='.'
am__nodep='_no'
am__quote=''
am__tar='$${TAR-tar} chof - "$$tardir"'
am__untar='$${TAR-tar} xf -'
bindir='${exec_prefix}/bin'
build='x86_64-pc-linux-gnu'
build_alias=''
build_cpu='x86_64'
build_os='linux-gnu'
build_vendor='pc'
datadir='${datarootdir}'
datarootdir='${prefix}/share'
docdir='${datarootdir}/doc/${PACKAGE_TARNAME}'
dvidir='${docdir}'
exec_prefix='${prefix}'
host='x86_64-pc-linux-gnu'
host_alias=''
host_cpu='x86_64'
host_os='linux-gnu'
host_vendor='pc'
htmldir='${docdir}'
includedir='${prefix}/include'
infodir='${datarootdir}/info'
install_sh='${SHELL} /home/xot/Desktop/learning/boxes/tools/goaccess-1.9.3/install-sh'
libdir='${exec_prefix}/lib'
libexecdir='${exec_prefix}/libexec'
localedir='${datarootdir}/locale'
localstatedir='${prefix}/var'
mandir='${datarootdir}/man'
mkdir_p='$(MKDIR_P)'
oldincludedir='/usr/include'
pdfdir='${docdir}'
prefix='/usr/local'
program_transform_name='s,x,x,'
psdir='${docdir}'
runstatedir='${localstatedir}/run'
sbindir='${exec_prefix}/sbin'
sharedstatedir='${prefix}/com'
sysconfdir='${prefix}/etc'
target_alias=''

## ----------- ##
## confdefs.h. ##
## ----------- ##

/* confdefs.h */
#define PACKAGE_NAME "goaccess"
#define PACKAGE_TARNAME "goaccess"
#define PACKAGE_VERSION "1.9.3"
#define PACKAGE_STRING "goaccess 1.9.3"
#define PACKAGE_BUGREPORT "hello@goaccess.io"
#define PACKAGE_URL "https://goaccess.io"
#define PACKAGE "goaccess"
#define VERSION "1.9.3"
#define ENABLE_NLS 1
#define HAVE_GETTEXT 1
#define HAVE_DCGETTEXT 1
#define HAVE_LIBPTHREAD 1
#define HAVE_STDIO_H 1
#define HAVE_STDLIB_H 1
#define HAVE_STRING_H 1
#define HAVE_INTTYPES_H 1
#define HAVE_STDINT_H 1
#define HAVE_STRINGS_H 1
#define HAVE_SYS_STAT_H 1
#define HAVE_SYS_TYPES_H 1
#define HAVE_UNISTD_H 1
#define HAVE_SYS_TIME_H 1
#define STDC_HEADERS 1
#define HAVE_LIBMAXMINDDB 1
#define HAVE_GEOLOCATION 1
#define HAVE_LIBNCURSESW 1
#define HAVE_LIBNCURSESW 1
#define HAVE_NCURSESW_NCURSES_H 1
#define HAVE_NCURSES_H 1
#define HAVE_ARPA_INET_H 1
#define HAVE_FCNTL_H 1
#define HAVE_INTTYPES_H 1
#define HAVE_LIMITS_H 1
#define HAVE_LOCALE_H 1
#define HAVE_NETDB_H 1
#define HAVE_NETINET_IN_H 1
#define HAVE_STDDEF_H 1
#define HAVE_STDINT_H 1
#define HAVE_STDLIB_H 1
#define HAVE_STRING_H 1
#define HAVE_STRINGS_H 1
#define HAVE_SYS_SOCKET_H 1
#define HAVE_SYS_TIME_H 1
#define HAVE_UNISTD_H 1
#define HAVE_PTRDIFF_T 1
#define HAVE_FSEEKO 1
#define HAVE_ALARM 1
#define LSTAT_FOLLOWS_SLASHED_SYMLINK 1
#define HAVE_STRFTIME 1
#define HAVE_GETHOSTBYADDR 1
#define HAVE_GETHOSTBYNAME 1
#define HAVE_GETTIMEOFDAY 1
#define HAVE_MALLOC 1
#define HAVE_MEMMOVE 1
#define HAVE_MEMSET 1
#define HAVE_MKFIFO 1
#define HAVE_POLL 1
#define HAVE_REALLOC 1
#define HAVE_REALPATH 1
#define HAVE_REGCOMP 1
#define HAVE_SETLOCALE 1
#define HAVE_SOCKET 1
#define HAVE_STRCASECMP 1
#define HAVE_STRCHR 1
#define HAVE_STRCSPN 1
#define HAVE_STRDUP 1
#define HAVE_STRERROR 1
#define HAVE_STRNCASECMP 1
#define HAVE_STRPBRK 1
#define HAVE_STRRCHR 1
#define HAVE_STRSPN 1
#define HAVE_STRSTR 1
#define HAVE_STRTOL 1
#define HAVE_STRTOULL 1
#define HAVE_TIMEGM 1

configure: exit 0
